{"level": "INFO", "timestamp": "2023-05-09T08:46:11+0000", "message": "Watching for file changes with StatReloader"}
{"level": "INFO", "timestamp": "2023-05-09T08:46:18+0000", "message": ""GET / HTTP/1.1" 200 896"}
{"level": "INFO", "timestamp": "2023-05-09T08:46:20+0000", "message": ""GET /log-in/ HTTP/1.1" 200 1729"}
{"level": "INFO", "timestamp": "2023-05-09T08:46:23+0000", "message": ""POST /log-in/ HTTP/1.1" 302 0"}
{"level": "INFO", "timestamp": "2023-05-09T08:46:23+0000", "message": ""GET /dashboard/ HTTP/1.1" 200 2321"}
{"level": "INFO", "timestamp": "2023-05-09T08:46:29+0000", "message": ""GET /dashboard/clients/ HTTP/1.1" 200 2169"}
{"level": "INFO", "timestamp": "2023-05-09T08:46:31+0000", "message": ""GET /dashboard/clients/add/ HTTP/1.1" 200 2052"}
{"level": "INFO", "timestamp": "2023-05-09T08:46:44+0000", "message": ""POST /dashboard/clients/add/ HTTP/1.1" 302 0"}
{"level": "INFO", "timestamp": "2023-05-09T08:46:44+0000", "message": ""GET /dashboard/clients/ HTTP/1.1" 200 2659"}
{"level": "INFO", "timestamp": "2023-05-09T08:46:45+0000", "message": ""GET /dashboard/myaccount/ HTTP/1.1" 200 1675"}
{"level": "INFO", "timestamp": "2023-05-09T08:46:47+0000", "message": ""GET /log-out/ HTTP/1.1" 302 0"}
{"level": "INFO", "timestamp": "2023-05-09T08:46:47+0000", "message": ""GET / HTTP/1.1" 200 896"}
{"level": "INFO", "timestamp": "2023-05-09T09:03:26+0000", "message": "/home/vipul/SPE Project/tealcrm/settings.py changed, reloading."}
{"level": "INFO", "timestamp": "2023-05-09T09:07:02+0000", "message": "Watching for file changes with StatReloader"}
{"level": "INFO", "timestamp": "2023-05-11T05:09:56+0000", "message": "Watching for file changes with StatReloader"}
{"level": "INFO", "timestamp": "2023-05-13T10:27:11+0000", "message": "Watching for file changes with StatReloader"}
{"level": "INFO", "timestamp": "2023-05-13T10:27:18+0000", "message": "Watching for file changes with StatReloader"}
{"level": "INFO", "timestamp": "2023-05-13T10:27:24+0000", "message": ""GET / HTTP/1.1" 200 896"}
{"level": "INFO", "timestamp": "2023-05-13T10:27:24+0000", "message": ""GET /static/main.min.css HTTP/1.1" 304 0"}
{"level": "WARNING", "timestamp": "2023-05-13T10:27:24+0000", "message": "Not Found: /favicon.ico"}
{"level": "WARNING", "timestamp": "2023-05-13T10:27:24+0000", "message": ""GET /favicon.ico HTTP/1.1" 404 3285"}
{"level": "INFO", "timestamp": "2023-05-13T10:34:07+0000", "message": ""GET / HTTP/1.1" 200 938"}
{"level": "INFO", "timestamp": "2023-05-13T10:34:13+0000", "message": ""GET / HTTP/1.1" 200 938"}
{"level": "INFO", "timestamp": "2023-05-13T10:34:28+0000", "message": ""GET / HTTP/1.1" 200 938"}
{"level": "INFO", "timestamp": "2023-05-13T10:35:13+0000", "message": ""GET /about/ HTTP/1.1" 200 1021"}
{"level": "INFO", "timestamp": "2023-05-13T10:35:58+0000", "message": ""GET / HTTP/1.1" 200 938"}
{"level": "INFO", "timestamp": "2023-05-13T10:35:59+0000", "message": ""GET / HTTP/1.1" 200 938"}
{"level": "INFO", "timestamp": "2023-05-13T10:35:59+0000", "message": ""GET / HTTP/1.1" 200 938"}
{"level": "INFO", "timestamp": "2023-05-13T10:36:00+0000", "message": ""GET / HTTP/1.1" 200 938"}
{"level": "INFO", "timestamp": "2023-05-13T10:36:00+0000", "message": ""GET / HTTP/1.1" 200 938"}
{"level": "INFO", "timestamp": "2023-05-13T10:36:07+0000", "message": ""GET / HTTP/1.1" 200 938"}
{"level": "INFO", "timestamp": "2023-05-13T10:41:59+0000", "message": ""GET /log-in/ HTTP/1.1" 200 1729"}
{"level": "INFO", "timestamp": "2023-05-13T10:42:10+0000", "message": ""GET /about/ HTTP/1.1" 200 1021"}
{"level": "INFO", "timestamp": "2023-05-13T10:42:12+0000", "message": ""GET /about/ HTTP/1.1" 200 1021"}
{"level": "INFO", "timestamp": "2023-05-13T10:42:14+0000", "message": ""GET /about/ HTTP/1.1" 200 1021"}
{"level": "INFO", "timestamp": "2023-05-13T10:42:17+0000", "message": ""GET / HTTP/1.1" 200 938"}
{"level": "INFO", "timestamp": "2023-05-13T10:45:46+0000", "message": ""GET / HTTP/1.1" 200 938"}
{"level": "INFO", "timestamp": "2023-05-13T10:45:48+0000", "message": ""GET / HTTP/1.1" 200 938"}
{"level": "INFO", "timestamp": "2023-05-13T10:45:48+0000", "message": ""GET / HTTP/1.1" 200 938"}
{"level": "INFO", "timestamp": "2023-05-13T10:47:14+0000", "message": ""GET /log-in/ HTTP/1.1" 200 1729"}
{"level": "INFO", "timestamp": "2023-05-13T10:47:18+0000", "message": ""GET /about/ HTTP/1.1" 200 1021"}
{"level": "INFO", "timestamp": "2023-05-13T10:47:24+0000", "message": ""GET /about/ HTTP/1.1" 200 1021"}
{"level": "INFO", "timestamp": "2023-05-13T10:47:25+0000", "message": ""GET /log-in/ HTTP/1.1" 200 1729"}
{"level": "INFO", "timestamp": "2023-05-13T10:47:26+0000", "message": ""GET /dashboard/sign-up/ HTTP/1.1" 200 2138"}
{"level": "INFO", "timestamp": "2023-05-13T10:47:29+0000", "message": ""GET /about/ HTTP/1.1" 200 1021"}
{"level": "INFO", "timestamp": "2023-05-13T10:49:45+0000", "message": ""GET /log-in/ HTTP/1.1" 200 1729"}
{"level": "INFO", "timestamp": "2023-05-13T10:49:48+0000", "message": ""GET / HTTP/1.1" 200 938"}
{"level": "INFO", "timestamp": "2023-05-13T10:49:50+0000", "message": ""GET /log-in/ HTTP/1.1" 200 1729"}
{"level": "INFO", "timestamp": "2023-05-13T10:50:01+0000", "message": ""GET / HTTP/1.1" 200 938"}
{"level": "INFO", "timestamp": "2023-05-13T10:50:15+0000", "message": ""GET /log-in/ HTTP/1.1" 200 1729"}
{"level": "INFO", "timestamp": "2023-05-13T10:50:21+0000", "message": ""GET / HTTP/1.1" 200 938"}
{"level": "INFO", "timestamp": "2023-05-13T10:50:25+0000", "message": ""GET /log-in/ HTTP/1.1" 200 1729"}
{"level": "INFO", "timestamp": "2023-05-13T10:50:47+0000", "message": ""GET /dashboard/sign-up/ HTTP/1.1" 200 2138"}
{"level": "INFO", "timestamp": "2023-05-13T10:50:56+0000", "message": ""GET / HTTP/1.1" 200 938"}
{"level": "INFO", "timestamp": "2023-05-13T10:50:57+0000", "message": ""GET /dashboard/sign-up/ HTTP/1.1" 200 2138"}
{"level": "INFO", "timestamp": "2023-05-13T10:51:21+0000", "message": ""GET /dashboard/sign-up/ HTTP/1.1" 200 2138"}
{"level": "INFO", "timestamp": "2023-05-13T10:51:23+0000", "message": ""GET /log-in/ HTTP/1.1" 200 1729"}
{"level": "INFO", "timestamp": "2023-05-13T10:51:26+0000", "message": ""POST /log-in/ HTTP/1.1" 302 0"}
{"level": "INFO", "timestamp": "2023-05-13T10:51:26+0000", "message": ""GET /dashboard/ HTTP/1.1" 200 2521"}
{"level": "INFO", "timestamp": "2023-05-13T10:52:28+0000", "message": ""GET /dashboard/ HTTP/1.1" 200 2521"}
{"level": "INFO", "timestamp": "2023-05-13T10:52:33+0000", "message": ""GET / HTTP/1.1" 200 1236"}
{"level": "INFO", "timestamp": "2023-05-13T10:52:36+0000", "message": ""GET /dashboard/ HTTP/1.1" 200 2521"}
{"level": "INFO", "timestamp": "2023-05-13T10:52:39+0000", "message": ""GET /dashboard/leads/ HTTP/1.1" 200 2107"}
{"level": "INFO", "timestamp": "2023-05-13T10:53:17+0000", "message": ""GET /dashboard/clients/ HTTP/1.1" 200 2408"}
{"level": "INFO", "timestamp": "2023-05-13T10:53:30+0000", "message": ""GET / HTTP/1.1" 200 1236"}
{"level": "INFO", "timestamp": "2023-05-13T10:53:33+0000", "message": ""GET /dashboard/clients/ HTTP/1.1" 200 2408"}
{"level": "INFO", "timestamp": "2023-05-13T10:54:03+0000", "message": ""GET /dashboard/myaccount/ HTTP/1.1" 200 1675"}
{"level": "INFO", "timestamp": "2023-05-13T10:54:19+0000", "message": ""GET /dashboard/myaccount/ HTTP/1.1" 200 1675"}
{"level": "INFO", "timestamp": "2023-05-13T11:30:45+0000", "message": ""GET /dashboard/myaccount/ HTTP/1.1" 200 1675"}
{"level": "INFO", "timestamp": "2023-05-13T11:30:48+0000", "message": ""GET /log-out/ HTTP/1.1" 302 0"}
{"level": "INFO", "timestamp": "2023-05-13T11:30:48+0000", "message": ""GET / HTTP/1.1" 200 938"}
{"level": "INFO", "timestamp": "2023-05-13T12:04:27+0000", "message": "Watching for file changes with StatReloader"}
{"level": "INFO", "timestamp": "2023-05-13T12:04:34+0000", "message": "Watching for file changes with StatReloader"}
{"level": "INFO", "timestamp": "2023-05-13T12:04:38+0000", "message": "Watching for file changes with StatReloader"}
{"level": "INFO", "timestamp": "2023-05-13T12:04:45+0000", "message": ""GET / HTTP/1.1" 200 938"}
{"level": "INFO", "timestamp": "2023-05-13T12:04:45+0000", "message": ""GET /static/main.min.css HTTP/1.1" 200 12666"}
{"level": "WARNING", "timestamp": "2023-05-13T12:04:45+0000", "message": "Not Found: /favicon.ico"}
{"level": "WARNING", "timestamp": "2023-05-13T12:04:45+0000", "message": ""GET /favicon.ico HTTP/1.1" 404 3285"}
{"level": "INFO", "timestamp": "2023-05-13T12:04:56+0000", "message": ""GET /log-in/ HTTP/1.1" 200 1729"}
{"level": "INFO", "timestamp": "2023-05-13T12:05:02+0000", "message": ""POST /log-in/ HTTP/1.1" 200 1888"}
{"level": "INFO", "timestamp": "2023-05-13T12:05:05+0000", "message": ""GET /log-in/ HTTP/1.1" 200 1729"}
{"level": "INFO", "timestamp": "2023-05-13T12:05:23+0000", "message": ""POST /log-in/ HTTP/1.1" 302 0"}
{"level": "INFO", "timestamp": "2023-05-13T12:05:23+0000", "message": ""GET /dashboard/ HTTP/1.1" 200 2521"}
{"level": "INFO", "timestamp": "2023-05-13T12:05:31+0000", "message": ""GET /dashboard/leads/ HTTP/1.1" 200 2107"}
{"level": "INFO", "timestamp": "2023-05-13T12:05:32+0000", "message": ""GET /dashboard/clients/ HTTP/1.1" 200 2408"}
{"level": "INFO", "timestamp": "2023-05-13T12:05:33+0000", "message": ""GET /dashboard/ HTTP/1.1" 200 2521"}
{"level": "INFO", "timestamp": "2023-05-13T12:05:34+0000", "message": ""GET /dashboard/clients/2/ HTTP/1.1" 200 3143"}
{"level": "INFO", "timestamp": "2023-05-13T12:05:38+0000", "message": ""GET /dashboard/ HTTP/1.1" 200 2521"}
{"level": "INFO", "timestamp": "2023-05-13T12:22:56+0000", "message": ""GET / HTTP/1.1" 200 1236"}
